==========================================
SLURM_JOB_ID = 24880539
SLURM_JOB_NODELIST = b10-12
TMPDIR = /tmp/SLURM_24880539
==========================================
Requirement already satisfied: pip in ./venv/lib/python3.11/site-packages (22.3.1)
Collecting pip
  Downloading pip-24.2-py3-none-any.whl (1.8 MB)
     ━━━━━━━━━━━━━━━━━━━━━━━━━━━━━━━━━━━━━━━━ 1.8/1.8 MB 47.6 MB/s eta 0:00:00
Installing collected packages: pip
  Attempting uninstall: pip
    Found existing installation: pip 22.3.1
    Uninstalling pip-22.3.1:
      Successfully uninstalled pip-22.3.1
Successfully installed pip-24.2
Looking in indexes: https://download.pytorch.org/whl/cu118
Collecting torch
  Downloading https://download.pytorch.org/whl/cu118/torch-2.4.0%2Bcu118-cp311-cp311-linux_x86_64.whl (857.8 MB)
/var/spool/slurm/d/job24880539/slurm_script: line 25: 38720 Killed                  pip install torch torchvision torchaudio --index-url https://download.pytorch.org/whl/cu118
Traceback (most recent call last):
  File "/scratch1/jikezhon/LLaVA/test_pytorch.py", line 2, in <module>
    import torch
ModuleNotFoundError: No module named 'torch'
slurmstepd: error: Detected 1 oom_kill event in StepId=24880539.batch. Some of the step tasks have been OOM Killed.
